kotlin version: 2.0.21
error message: org.jetbrains.kotlin.backend.common.BackendException: Backend Internal error: Exception during IR lowering
File being compiled: D:/Workspace/DO An/garapro_mobile/app/src/main/java/com/example/garapro/ui/RepairProgress/JobAdapter.kt
The root cause java.lang.RuntimeException was thrown at: org.jetbrains.kotlin.backend.jvm.codegen.FunctionCodegen.generate(FunctionCodegen.kt:47)
	at org.jetbrains.kotlin.backend.common.CodegenUtil.reportBackendException(CodegenUtil.kt:253)
	at org.jetbrains.kotlin.backend.common.CodegenUtil.reportBackendException$default(CodegenUtil.kt:236)
	at org.jetbrains.kotlin.backend.common.phaser.PerformByIrFilePhase.invokeSequential(performByIrFile.kt:65)
	at org.jetbrains.kotlin.backend.common.phaser.PerformByIrFilePhase.invoke(performByIrFile.kt:52)
	at org.jetbrains.kotlin.backend.common.phaser.PerformByIrFilePhase.invoke(performByIrFile.kt:38)
	at org.jetbrains.kotlin.backend.common.phaser.NamedCompilerPhase.phaseBody(CompilerPhase.kt:166)
	at org.jetbrains.kotlin.backend.common.phaser.AbstractNamedCompilerPhase.invoke(CompilerPhase.kt:113)
	at org.jetbrains.kotlin.backend.common.phaser.CompositePhase.invoke(PhaseBuilders.kt:27)
	at org.jetbrains.kotlin.backend.common.phaser.CompositePhase.invoke(PhaseBuilders.kt:14)
	at org.jetbrains.kotlin.backend.common.phaser.NamedCompilerPhase.phaseBody(CompilerPhase.kt:166)
	at org.jetbrains.kotlin.backend.common.phaser.AbstractNamedCompilerPhase.invoke(CompilerPhase.kt:113)
	at org.jetbrains.kotlin.backend.common.phaser.CompilerPhaseKt.invokeToplevel(CompilerPhase.kt:62)
	at org.jetbrains.kotlin.backend.jvm.JvmIrCodegenFactory.invokeCodegen(JvmIrCodegenFactory.kt:371)
	at org.jetbrains.kotlin.codegen.CodegenFactory.generateModule(CodegenFactory.kt:47)
	at org.jetbrains.kotlin.backend.jvm.JvmIrCodegenFactory.generateModuleInFrontendIRMode(JvmIrCodegenFactory.kt:433)
	at org.jetbrains.kotlin.cli.jvm.compiler.pipeline.JvmCompilerPipelineKt.generateCodeFromIr(jvmCompilerPipeline.kt:246)
	at org.jetbrains.kotlin.cli.jvm.compiler.pipeline.JvmCompilerPipelineKt.compileModulesUsingFrontendIrAndLightTree(jvmCompilerPipeline.kt:142)
	at org.jetbrains.kotlin.cli.jvm.K2JVMCompiler.doExecute(K2JVMCompiler.kt:148)
	at org.jetbrains.kotlin.cli.jvm.K2JVMCompiler.doExecute(K2JVMCompiler.kt:43)
	at org.jetbrains.kotlin.cli.common.CLICompiler.execImpl(CLICompiler.kt:103)
	at org.jetbrains.kotlin.cli.common.CLICompiler.execImpl(CLICompiler.kt:49)
	at org.jetbrains.kotlin.cli.common.CLITool.exec(CLITool.kt:101)
	at org.jetbrains.kotlin.incremental.IncrementalJvmCompilerRunner.runCompiler(IncrementalJvmCompilerRunner.kt:464)
	at org.jetbrains.kotlin.incremental.IncrementalJvmCompilerRunner.runCompiler(IncrementalJvmCompilerRunner.kt:73)
	at org.jetbrains.kotlin.incremental.IncrementalCompilerRunner.doCompile(IncrementalCompilerRunner.kt:506)
	at org.jetbrains.kotlin.incremental.IncrementalCompilerRunner.compileImpl(IncrementalCompilerRunner.kt:423)
	at org.jetbrains.kotlin.incremental.IncrementalCompilerRunner.tryCompileIncrementally$lambda$9$compile(IncrementalCompilerRunner.kt:249)
	at org.jetbrains.kotlin.incremental.IncrementalCompilerRunner.tryCompileIncrementally(IncrementalCompilerRunner.kt:267)
	at org.jetbrains.kotlin.incremental.IncrementalCompilerRunner.compile(IncrementalCompilerRunner.kt:120)
	at org.jetbrains.kotlin.daemon.CompileServiceImplBase.execIncrementalCompiler(CompileServiceImpl.kt:675)
	at org.jetbrains.kotlin.daemon.CompileServiceImplBase.access$execIncrementalCompiler(CompileServiceImpl.kt:92)
	at org.jetbrains.kotlin.daemon.CompileServiceImpl.compile(CompileServiceImpl.kt:1660)
	at java.base/jdk.internal.reflect.DirectMethodHandleAccessor.invoke(Unknown Source)
	at java.base/java.lang.reflect.Method.invoke(Unknown Source)
	at java.rmi/sun.rmi.server.UnicastServerRef.dispatch(Unknown Source)
	at java.rmi/sun.rmi.transport.Transport$1.run(Unknown Source)
	at java.rmi/sun.rmi.transport.Transport$1.run(Unknown Source)
	at java.base/java.security.AccessController.doPrivileged(Unknown Source)
	at java.rmi/sun.rmi.transport.Transport.serviceCall(Unknown Source)
	at java.rmi/sun.rmi.transport.tcp.TCPTransport.handleMessages(Unknown Source)
	at java.rmi/sun.rmi.transport.tcp.TCPTransport$ConnectionHandler.run0(Unknown Source)
	at java.rmi/sun.rmi.transport.tcp.TCPTransport$ConnectionHandler.lambda$run$0(Unknown Source)
	at java.base/java.security.AccessController.doPrivileged(Unknown Source)
	at java.rmi/sun.rmi.transport.tcp.TCPTransport$ConnectionHandler.run(Unknown Source)
	at java.base/java.util.concurrent.ThreadPoolExecutor.runWorker(Unknown Source)
	at java.base/java.util.concurrent.ThreadPoolExecutor$Worker.run(Unknown Source)
	at java.base/java.lang.Thread.run(Unknown Source)
Caused by: java.lang.RuntimeException: Exception while generating code for:
FUN name:setupTechnicians visibility:private modality:FINAL <> ($this:com.example.garapro.ui.RepairProgress.JobAdapter.ViewHolder, technicians:kotlin.collections.List<com.example.garapro.data.model.RepairProgresses.Technician>) returnType:kotlin.Unit
  $this: VALUE_PARAMETER name:<this> type:com.example.garapro.ui.RepairProgress.JobAdapter.ViewHolder
  VALUE_PARAMETER name:technicians index:0 type:kotlin.collections.List<com.example.garapro.data.model.RepairProgresses.Technician>
  BLOCK_BODY
    CALL 'public open fun removeAllViews (): kotlin.Unit [fake_override] declared in com.google.android.material.chip.ChipGroup' type=kotlin.Unit origin=null
      $this: GET_FIELD 'FIELD IR_EXTERNAL_JAVA_DECLARATION_STUB name:techniciansChipGroup type:@[EnhancedNullability] com.google.android.material.chip.ChipGroup visibility:public [final] declared in com.example.garapro.databinding.ItemJobBinding' type=@[EnhancedNullability] com.google.android.material.chip.ChipGroup superQualifierSymbol=com.example.garapro.databinding.ItemJobBinding origin=null
        receiver: GET_FIELD 'FIELD PROPERTY_BACKING_FIELD name:binding type:com.example.garapro.databinding.ItemJobBinding visibility:private [final]' type=com.example.garapro.databinding.ItemJobBinding origin=null
          receiver: GET_VAR '<this>: com.example.garapro.ui.RepairProgress.JobAdapter.ViewHolder declared in com.example.garapro.ui.RepairProgress.JobAdapter.ViewHolder.setupTechnicians' type=com.example.garapro.ui.RepairProgress.JobAdapter.ViewHolder origin=null
    CALL 'public final fun forEach <T> (action: kotlin.Function1<T of kotlin.collections.CollectionsKt.forEach, kotlin.Unit>): kotlin.Unit [inline] declared in kotlin.collections.CollectionsKt' type=kotlin.Unit origin=null
      <T>: com.example.garapro.data.model.RepairProgresses.Technician
      $receiver: GET_VAR 'technicians: kotlin.collections.List<com.example.garapro.data.model.RepairProgresses.Technician> declared in com.example.garapro.ui.RepairProgress.JobAdapter.ViewHolder.setupTechnicians' type=kotlin.collections.List<com.example.garapro.data.model.RepairProgresses.Technician> origin=null
      action: BLOCK type=kotlin.Function1<com.example.garapro.data.model.RepairProgresses.Technician, kotlin.Unit> origin=LAMBDA
        COMPOSITE type=kotlin.Unit origin=null
        FUNCTION_REFERENCE 'private final fun setupTechnicians$lambda$11 (this$0: com.example.garapro.ui.RepairProgress.JobAdapter.ViewHolder, technician: com.example.garapro.data.model.RepairProgresses.Technician): kotlin.Unit declared in com.example.garapro.ui.RepairProgress.JobAdapter.ViewHolder' type=kotlin.Function1<com.example.garapro.data.model.RepairProgresses.Technician, kotlin.Unit> origin=INLINE_LAMBDA reflectionTarget=null
          this$0: GET_VAR '<this>: com.example.garapro.ui.RepairProgress.JobAdapter.ViewHolder declared in com.example.garapro.ui.RepairProgress.JobAdapter.ViewHolder.setupTechnicians' type=com.example.garapro.ui.RepairProgress.JobAdapter.ViewHolder origin=null

	at org.jetbrains.kotlin.backend.jvm.codegen.FunctionCodegen.generate(FunctionCodegen.kt:47)
	at org.jetbrains.kotlin.backend.jvm.codegen.FunctionCodegen.generate$default(FunctionCodegen.kt:40)
	at org.jetbrains.kotlin.backend.jvm.codegen.ClassCodegen.generateMethodNode(ClassCodegen.kt:406)
	at org.jetbrains.kotlin.backend.jvm.codegen.ClassCodegen.generateMethod(ClassCodegen.kt:423)
	at org.jetbrains.kotlin.backend.jvm.codegen.ClassCodegen.generate(ClassCodegen.kt:168)
	at org.jetbrains.kotlin.backend.jvm.codegen.ClassCodegen.generate(ClassCodegen.kt:181)
	at org.jetbrains.kotlin.backend.jvm.FileCodegen.lower(JvmPhases.kt:39)
	at org.jetbrains.kotlin.backend.common.phaser.PhaseFactoriesKt.createFilePhase$lambda$4(PhaseFactories.kt:71)
	at org.jetbrains.kotlin.backend.common.phaser.PhaseBuildersKt$createSimpleNamedCompilerPhase$1.phaseBody(PhaseBuilders.kt:69)
	at org.jetbrains.kotlin.backend.common.phaser.SimpleNamedCompilerPhase.phaseBody(CompilerPhase.kt:226)
	at org.jetbrains.kotlin.backend.common.phaser.AbstractNamedCompilerPhase.invoke(CompilerPhase.kt:113)
	at org.jetbrains.kotlin.backend.common.phaser.PerformByIrFilePhase.invokeSequential(performByIrFile.kt:62)
	... 44 more
Caused by: java.lang.RuntimeException: Exception while generating code for:
FUN INLINE_LAMBDA name:setupTechnicians$lambda$11 visibility:private modality:FINAL <> (this$0:com.example.garapro.ui.RepairProgress.JobAdapter.ViewHolder, technician:com.example.garapro.data.model.RepairProgresses.Technician) returnType:kotlin.Unit
  VALUE_PARAMETER BOUND_VALUE_PARAMETER name:this$0 index:0 type:com.example.garapro.ui.RepairProgress.JobAdapter.ViewHolder
  VALUE_PARAMETER name:technician index:1 type:com.example.garapro.data.model.RepairProgresses.Technician
  BLOCK_BODY
    VAR name:$i$a$-forEach-JobAdapter$ViewHolder$setupTechnicians$1 type:kotlin.Int [val]
      CONST Int type=kotlin.Int value=0
    VAR name:chip type:com.google.android.material.chip.Chip [val]
      CALL 'public final fun apply <T> (block: @[ExtensionFunctionType] kotlin.Function1<T of kotlin.StandardKt.apply, kotlin.Unit>): T of kotlin.StandardKt.apply [inline] declared in kotlin.StandardKt' type=com.google.android.material.chip.Chip origin=null
        <T>: com.google.android.material.chip.Chip
        $receiver: CONSTRUCTOR_CALL 'public constructor <init> (p0: @[FlexibleNullability] android.content.Context?) declared in com.google.android.material.chip.Chip' type=com.google.android.material.chip.Chip origin=null
          p0: CALL 'public final fun getContext (): @[FlexibleNullability] android.content.Context? [fake_override] declared in com.google.android.material.card.MaterialCardView' type=@[FlexibleNullability] android.content.Context? origin=GET_PROPERTY
            $this: CALL 'public open fun getRoot (): @[EnhancedNullability] com.google.android.material.card.MaterialCardView declared in com.example.garapro.databinding.ItemJobBinding' type=@[EnhancedNullability] com.google.android.material.card.MaterialCardView origin=GET_PROPERTY
              $this: GET_FIELD 'FIELD PROPERTY_BACKING_FIELD name:binding type:com.example.garapro.databinding.ItemJobBinding visibility:private [final]' type=com.example.garapro.databinding.ItemJobBinding origin=null
                receiver: GET_VAR 'this$0: com.example.garapro.ui.RepairProgress.JobAdapter.ViewHolder declared in com.example.garapro.ui.RepairProgress.JobAdapter.ViewHolder.setupTechnicians$lambda$11' type=com.example.garapro.ui.RepairProgress.JobAdapter.ViewHolder origin=null
        block: BLOCK type=@[ExtensionFunctionType] kotlin.Function1<com.google.android.material.chip.Chip, kotlin.Unit> origin=LAMBDA
          COMPOSITE type=kotlin.Unit origin=null
          FUNCTION_REFERENCE 'private final fun setupTechnicians$lambda$11$lambda$10 ($technician: com.example.garapro.data.model.RepairProgresses.Technician, this$0: com.example.garapro.ui.RepairProgress.JobAdapter.ViewHolder): kotlin.Unit declared in com.example.garapro.ui.RepairProgress.JobAdapter.ViewHolder' type=@[ExtensionFunctionType] kotlin.Function1<com.google.android.material.chip.Chip, kotlin.Unit> origin=INLINE_LAMBDA reflectionTarget=null
            $technician: GET_VAR 'technician: com.example.garapro.data.model.RepairProgresses.Technician declared in com.example.garapro.ui.RepairProgress.JobAdapter.ViewHolder.setupTechnicians$lambda$11' type=com.example.garapro.data.model.RepairProgresses.Technician origin=null
            this$0: GET_VAR 'this$0: com.example.garapro.ui.RepairProgress.JobAdapter.ViewHolder declared in com.example.garapro.ui.RepairProgress.JobAdapter.ViewHolder.setupTechnicians$lambda$11' type=com.example.garapro.ui.RepairProgress.JobAdapter.ViewHolder origin=null
    CALL 'public open fun addView (p0: @[FlexibleNullability] android.view.View?): kotlin.Unit [fake_override] declared in com.google.android.material.chip.ChipGroup' type=kotlin.Unit origin=null
      $this: GET_FIELD 'FIELD IR_EXTERNAL_JAVA_DECLARATION_STUB name:techniciansChipGroup type:@[EnhancedNullability] com.google.android.material.chip.ChipGroup visibility:public [final] declared in com.example.garapro.databinding.ItemJobBinding' type=@[EnhancedNullability] com.google.android.material.chip.ChipGroup superQualifierSymbol=com.example.garapro.databinding.ItemJobBinding origin=null
        receiver: GET_FIELD 'FIELD PROPERTY_BACKING_FIELD name:binding type:com.example.garapro.databinding.ItemJobBinding visibility:private [final]' type=com.example.garapro.databinding.ItemJobBinding origin=null
          receiver: GET_VAR 'this$0: com.example.garapro.ui.RepairProgress.JobAdapter.ViewHolder declared in com.example.garapro.ui.RepairProgress.JobAdapter.ViewHolder.setupTechnicians$lambda$11' type=com.example.garapro.ui.RepairProgress.JobAdapter.ViewHolder origin=null
      p0: GET_VAR 'val chip: com.google.android.material.chip.Chip [val] declared in com.example.garapro.ui.RepairProgress.JobAdapter.ViewHolder.setupTechnicians$lambda$11' type=com.google.android.material.chip.Chip origin=null

	at org.jetbrains.kotlin.backend.jvm.codegen.FunctionCodegen.generate(FunctionCodegen.kt:47)
	at org.jetbrains.kotlin.backend.jvm.codegen.IrSourceCompilerForInline.generateLambdaBody(IrSourceCompilerForInline.kt:67)
	at org.jetbrains.kotlin.codegen.inline.ExpressionLambda.generateLambdaBody(LambdaInfo.kt:72)
	at org.jetbrains.kotlin.backend.jvm.codegen.IrInlineCodegen.genValueAndPut(IrInlineCodegen.kt:100)
	at org.jetbrains.kotlin.backend.jvm.codegen.ExpressionCodegen.visitCall$handleParameter(ExpressionCodegen.kt:616)
	at org.jetbrains.kotlin.backend.jvm.codegen.ExpressionCodegen.visitCall(ExpressionCodegen.kt:644)
	at org.jetbrains.kotlin.backend.jvm.codegen.ExpressionCodegen.visitCall(ExpressionCodegen.kt:138)
	at org.jetbrains.kotlin.ir.expressions.IrCall.accept(IrCall.kt:24)
	at org.jetbrains.kotlin.backend.jvm.codegen.ExpressionCodegen.visitStatementContainer(ExpressionCodegen.kt:579)
	at org.jetbrains.kotlin.backend.jvm.codegen.ExpressionCodegen.visitBlockBody(ExpressionCodegen.kt:584)
	at org.jetbrains.kotlin.backend.jvm.codegen.ExpressionCodegen.visitBlockBody(ExpressionCodegen.kt:138)
	at org.jetbrains.kotlin.ir.expressions.IrBlockBody.accept(IrBlockBody.kt:20)
	at org.jetbrains.kotlin.backend.jvm.codegen.ExpressionCodegen.generate(ExpressionCodegen.kt:240)
	at org.jetbrains.kotlin.backend.jvm.codegen.FunctionCodegen.doGenerate(FunctionCodegen.kt:123)
	at org.jetbrains.kotlin.backend.jvm.codegen.FunctionCodegen.generate(FunctionCodegen.kt:44)
	... 55 more
Caused by: java.lang.RuntimeException: Exception while generating code for:
FUN INLINE_LAMBDA name:setupTechnicians$lambda$11$lambda$10 visibility:private modality:FINAL <> ($receiver:com.google.android.material.chip.Chip, $technician:com.example.garapro.data.model.RepairProgresses.Technician, this$0:com.example.garapro.ui.RepairProgress.JobAdapter.ViewHolder) returnType:kotlin.Unit
  $receiver: VALUE_PARAMETER name:$this$apply type:com.google.android.material.chip.Chip
  VALUE_PARAMETER BOUND_VALUE_PARAMETER name:$technician index:0 type:com.example.garapro.data.model.RepairProgresses.Technician
  VALUE_PARAMETER BOUND_VALUE_PARAMETER name:this$0 index:1 type:com.example.garapro.ui.RepairProgress.JobAdapter.ViewHolder
  BLOCK_BODY
    VAR name:$i$a$-apply-JobAdapter$ViewHolder$setupTechnicians$1$chip$1 type:kotlin.Int [val]
      CONST Int type=kotlin.Int value=0
    CALL 'public open fun setSingleLine (p0: kotlin.Boolean): kotlin.Unit declared in com.google.android.material.chip.Chip' type=kotlin.Unit origin=EQ
      $this: GET_VAR '$this$apply: com.google.android.material.chip.Chip declared in com.example.garapro.ui.RepairProgress.JobAdapter.ViewHolder.setupTechnicians$lambda$11$lambda$10' type=com.google.android.material.chip.Chip origin=null
      p0: CONST Boolean type=kotlin.Boolean value=false
    SET_FIELD 'FIELD IR_EXTERNAL_JAVA_DECLARATION_STUB name:orientation type:kotlin.Int visibility:public [final,static] declared in android.R.attr' type=kotlin.Unit superQualifierSymbol=android.R.attr origin=EQ
      value: CONST Int type=kotlin.Int value=1
    CALL 'public final fun setText (p0: @[FlexibleNullability] kotlin.CharSequence?): kotlin.Unit [fake_override] declared in com.google.android.material.chip.Chip' type=kotlin.Unit origin=EQ
      $this: GET_VAR '$this$apply: com.google.android.material.chip.Chip declared in com.example.garapro.ui.RepairProgress.JobAdapter.ViewHolder.setupTechnicians$lambda$11$lambda$10' type=com.google.android.material.chip.Chip origin=null
      p0: CALL 'public final fun <get-fullName> (): kotlin.String declared in com.example.garapro.data.model.RepairProgresses.Technician' type=kotlin.String origin=GET_PROPERTY
        $this: GET_VAR '$technician: com.example.garapro.data.model.RepairProgresses.Technician declared in com.example.garapro.ui.RepairProgress.JobAdapter.ViewHolder.setupTechnicians$lambda$11$lambda$10' type=com.example.garapro.data.model.RepairProgresses.Technician origin=null
    CALL 'public open fun setCloseIconVisible (p0: kotlin.Boolean): kotlin.Unit declared in com.google.android.material.chip.Chip' type=kotlin.Unit origin=EQ
      $this: GET_VAR '$this$apply: com.google.android.material.chip.Chip declared in com.example.garapro.ui.RepairProgress.JobAdapter.ViewHolder.setupTechnicians$lambda$11$lambda$10' type=com.google.android.material.chip.Chip origin=null
      p0: CONST Boolean type=kotlin.Boolean value=false
    CALL 'public open fun setTextColor (p0: kotlin.Int): kotlin.Unit [fake_override] declared in com.google.android.material.chip.Chip' type=kotlin.Unit origin=null
      $this: GET_VAR '$this$apply: com.google.android.material.chip.Chip declared in com.example.garapro.ui.RepairProgress.JobAdapter.ViewHolder.setupTechnicians$lambda$11$lambda$10' type=com.google.android.material.chip.Chip origin=null
      p0: CALL 'public open fun getColor (p0: @[NonNull] @[FlexibleNullability] android.content.Context?, p1: kotlin.Int): kotlin.Int declared in androidx.core.content.ContextCompat' type=kotlin.Int origin=null
        p0: CALL 'public final fun getContext (): @[FlexibleNullability] android.content.Context? [fake_override] declared in com.google.android.material.chip.Chip' type=@[FlexibleNullability] android.content.Context? origin=GET_PROPERTY
          $this: GET_VAR '$this$apply: com.google.android.material.chip.Chip declared in com.example.garapro.ui.RepairProgress.JobAdapter.ViewHolder.setupTechnicians$lambda$11$lambda$10' type=com.google.android.material.chip.Chip origin=null
        p1: GET_FIELD 'FIELD IR_EXTERNAL_JAVA_DECLARATION_STUB name:white type:kotlin.Int visibility:public [static] declared in com.example.garapro.R.color' type=kotlin.Int superQualifierSymbol=com.example.garapro.R.color origin=null
    CALL 'public open fun setChipBackgroundColor (p0: @[EnhancedNullability] android.content.res.ColorStateList?): kotlin.Unit declared in com.google.android.material.chip.Chip' type=kotlin.Unit origin=EQ
      $this: GET_VAR '$this$apply: com.google.android.material.chip.Chip declared in com.example.garapro.ui.RepairProgress.JobAdapter.ViewHolder.setupTechnicians$lambda$11$lambda$10' type=com.google.android.material.chip.Chip origin=null
      p0: CALL 'public open fun valueOf (p0: kotlin.Int): @[EnhancedNullability] android.content.res.ColorStateList declared in android.content.res.ColorStateList' type=@[EnhancedNullability] android.content.res.ColorStateList origin=null
        p0: CALL 'public open fun getColor (p0: @[NonNull] @[FlexibleNullability] android.content.Context?, p1: kotlin.Int): kotlin.Int declared in androidx.core.content.ContextCompat' type=kotlin.Int origin=null
          p0: CALL 'public final fun getContext (): @[FlexibleNullability] android.content.Context? [fake_override] declared in com.google.android.material.chip.Chip' type=@[FlexibleNullability] android.content.Context? origin=GET_PROPERTY
            $this: GET_VAR '$this$apply: com.google.android.material.chip.Chip declared in com.example.garapro.ui.RepairProgress.JobAdapter.ViewHolder.setupTechnicians$lambda$11$lambda$10' type=com.google.android.material.chip.Chip origin=null
          p1: GET_FIELD 'FIELD IR_EXTERNAL_JAVA_DECLARATION_STUB name:black type:kotlin.Int visibility:public [static] declared in com.example.garapro.R.color' type=kotlin.Int superQualifierSymbol=com.example.garapro.R.color origin=null
    CALL 'public open fun setOnClickListener (p0: @[EnhancedNullability] android.view.View.OnClickListener?): kotlin.Unit [fake_override] declared in com.google.android.material.chip.Chip' type=kotlin.Unit origin=null
      $this: GET_VAR '$this$apply: com.google.android.material.chip.Chip declared in com.example.garapro.ui.RepairProgress.JobAdapter.ViewHolder.setupTechnicians$lambda$11$lambda$10' type=com.google.android.material.chip.Chip origin=null
      p0: BLOCK type=android.view.View.OnClickListener origin=LAMBDA
        COMPOSITE type=kotlin.Unit origin=null
        CALL 'public final fun <jvm-indy> <T> (dynamicCall: T of kotlin.jvm.internal.<jvm-indy>, bootstrapMethodHandle: kotlin.Any, vararg bootstrapMethodArguments: kotlin.Any): T of kotlin.jvm.internal.<jvm-indy> declared in kotlin.jvm.internal' type=android.view.View.OnClickListener origin=null
          <T>: android.view.View.OnClickListener
          dynamicCall: CALL 'public final fun onClick (p0: com.example.garapro.ui.RepairProgress.JobAdapter.ViewHolder, p1: com.example.garapro.data.model.RepairProgresses.Technician): android.view.View.OnClickListener declared in kotlin.jvm.internal.invokeDynamic' type=android.view.View.OnClickListener origin=null
            p0: GET_VAR 'this$0: com.example.garapro.ui.RepairProgress.JobAdapter.ViewHolder declared in com.example.garapro.ui.RepairProgress.JobAdapter.ViewHolder.setupTechnicians$lambda$11$lambda$10' type=com.example.garapro.ui.RepairProgress.JobAdapter.ViewHolder origin=null
            p1: GET_VAR '$technician: com.example.garapro.data.model.RepairProgresses.Technician declared in com.example.garapro.ui.RepairProgress.JobAdapter.ViewHolder.setupTechnicians$lambda$11$lambda$10' type=com.example.garapro.data.model.RepairProgresses.Technician origin=null
          bootstrapMethodHandle: CALL 'public final fun <jvm-method-handle> (tag: kotlin.Int, owner: kotlin.String, name: kotlin.String, descriptor: kotlin.String, isInterface: kotlin.Boolean): kotlin.Any declared in kotlin.jvm.internal' type=kotlin.Any origin=null
            tag: CONST Int type=kotlin.Int value=6
            owner: CONST String type=kotlin.String value="java/lang/invoke/LambdaMetafactory"
            name: CONST String type=kotlin.String value="metafactory"
            descriptor: CONST String type=kotlin.String value="(Ljava/lang/invoke/MethodHandles$Lookup;Ljava/lang/String;Ljava/lang/invoke/MethodType;Ljava/lang/invoke/MethodType;Ljava/lang/invoke/MethodHandle;Ljava/lang/invoke/MethodType;)Ljava/lang/invoke/CallSite;"
            isInterface: CONST Boolean type=kotlin.Boolean value=false
          bootstrapMethodArguments: VARARG type=kotlin.Array<kotlin.Any> varargElementType=kotlin.Any
            CALL 'public final fun <jvm-original-method-type> (method: kotlin.Any): kotlin.Any declared in kotlin.jvm.internal' type=kotlin.Any origin=null
              method: RAW_FUNCTION_REFERENCE 'public abstract fun onClick (p0: @[FlexibleNullability] android.view.View?): kotlin.Unit declared in android.view.View.OnClickListener' type=kotlin.Any
            RAW_FUNCTION_REFERENCE 'private final fun setupTechnicians$lambda$11$lambda$10$lambda$9 (this$0: com.example.garapro.ui.RepairProgress.JobAdapter.ViewHolder, $technician: com.example.garapro.data.model.RepairProgresses.Technician, it: @[FlexibleNullability] android.view.View?): kotlin.Unit declared in com.example.garapro.ui.RepairProgress.JobAdapter.ViewHolder' type=kotlin.Any
            CALL 'public final fun <jvm-original-method-type> (method: kotlin.Any): kotlin.Any declared in kotlin.jvm.internal' type=kotlin.Any origin=null
              method: RAW_FUNCTION_REFERENCE 'public abstract fun onClick (p0: @[FlexibleNullability] android.view.View?): kotlin.Unit [fake_override] declared in kotlin.jvm.internal.invokeDynamic.<fake>' type=kotlin.Any

	at org.jetbrains.kotlin.backend.jvm.codegen.FunctionCodegen.generate(FunctionCodegen.kt:47)
	at org.jetbrains.kotlin.backend.jvm.codegen.IrSourceCompilerForInline.generateLambdaBody(IrSourceCompilerForInline.kt:67)
	at org.jetbrains.kotlin.codegen.inline.ExpressionLambda.generateLambdaBody(LambdaInfo.kt:72)
	at org.jetbrains.kotlin.backend.jvm.codegen.IrInlineCodegen.genValueAndPut(IrInlineCodegen.kt:100)
	at org.jetbrains.kotlin.backend.jvm.codegen.ExpressionCodegen.visitCall$handleParameter(ExpressionCodegen.kt:616)
	at org.jetbrains.kotlin.backend.jvm.codegen.ExpressionCodegen.visitCall(ExpressionCodegen.kt:644)
	at org.jetbrains.kotlin.backend.jvm.codegen.ExpressionCodegen.visitCall(ExpressionCodegen.kt:138)
	at org.jetbrains.kotlin.ir.expressions.IrCall.accept(IrCall.kt:24)
	at org.jetbrains.kotlin.backend.jvm.codegen.ExpressionCodegen.visitVariable(ExpressionCodegen.kt:790)
	at org.jetbrains.kotlin.backend.jvm.codegen.ExpressionCodegen.visitVariable(ExpressionCodegen.kt:138)
	at org.jetbrains.kotlin.ir.declarations.IrVariable.accept(IrVariable.kt:36)
	at org.jetbrains.kotlin.backend.jvm.codegen.ExpressionCodegen.visitStatementContainer(ExpressionCodegen.kt:579)
	at org.jetbrains.kotlin.backend.jvm.codegen.ExpressionCodegen.visitBlockBody(ExpressionCodegen.kt:584)
	at org.jetbrains.kotlin.backend.jvm.codegen.ExpressionCodegen.visitBlockBody(ExpressionCodegen.kt:138)
	at org.jetbrains.kotlin.ir.expressions.IrBlockBody.accept(IrBlockBody.kt:20)
	at org.jetbrains.kotlin.backend.jvm.codegen.ExpressionCodegen.generate(ExpressionCodegen.kt:240)
	at org.jetbrains.kotlin.backend.jvm.codegen.FunctionCodegen.doGenerate(FunctionCodegen.kt:123)
	at org.jetbrains.kotlin.backend.jvm.codegen.FunctionCodegen.generate(FunctionCodegen.kt:44)
	... 69 more
Caused by: java.lang.AssertionError: access of const val: SET_FIELD 'FIELD IR_EXTERNAL_JAVA_DECLARATION_STUB name:orientation type:kotlin.Int visibility:public [final,static] declared in android.R.attr' type=kotlin.Unit superQualifierSymbol=android.R.attr origin=EQ
  value: CONST Int type=kotlin.Int value=1

	at org.jetbrains.kotlin.backend.jvm.codegen.ExpressionCodegen.visitFieldAccess(ExpressionCodegen.kt:861)
	at org.jetbrains.kotlin.backend.jvm.codegen.ExpressionCodegen.visitFieldAccess(ExpressionCodegen.kt:138)
	at org.jetbrains.kotlin.ir.visitors.IrElementVisitor$DefaultImpls.visitSetField(IrElementVisitor.kt:206)
	at org.jetbrains.kotlin.backend.jvm.codegen.ExpressionCodegen.visitSetField(ExpressionCodegen.kt:908)
	at org.jetbrains.kotlin.backend.jvm.codegen.ExpressionCodegen.visitSetField(ExpressionCodegen.kt:138)
	at org.jetbrains.kotlin.ir.expressions.IrSetField.accept(IrSetField.kt:21)
	at org.jetbrains.kotlin.backend.jvm.codegen.ExpressionCodegen.visitStatementContainer(ExpressionCodegen.kt:579)
	at org.jetbrains.kotlin.backend.jvm.codegen.ExpressionCodegen.visitBlockBody(ExpressionCodegen.kt:584)
	at org.jetbrains.kotlin.backend.jvm.codegen.ExpressionCodegen.visitBlockBody(ExpressionCodegen.kt:138)
	at org.jetbrains.kotlin.ir.expressions.IrBlockBody.accept(IrBlockBody.kt:20)
	at org.jetbrains.kotlin.backend.jvm.codegen.ExpressionCodegen.generate(ExpressionCodegen.kt:240)
	at org.jetbrains.kotlin.backend.jvm.codegen.FunctionCodegen.doGenerate(FunctionCodegen.kt:123)
	at org.jetbrains.kotlin.backend.jvm.codegen.FunctionCodegen.generate(FunctionCodegen.kt:44)
	... 86 more


